<?xml version="1.0" encoding="UTF-8"?>
<!-- Generated by org.testng.reporters.JUnitReportReporter -->
<testsuite skipped="0" hostname="DESKTOP-A3HVBU0" name="upsideLMS.DemoTest" tests="5" failures="0" timestamp="11 Jan 2020 13:18:54 GMT" time="0.061" errors="0">
  <testcase name="test3" time="0.005" classname="upsideLMS.DemoTest"/>
  <testcase name="test1" time="0.009" classname="upsideLMS.DemoTest"/>
  <testcase name="test2" time="0.000" classname="upsideLMS.DemoTest"/>
  <testcase name="test0" time="0.002" classname="upsideLMS.DemoTest"/>
  <testcase name="test" time="0.045" classname="upsideLMS.DemoTest"/>
</testsuite> <!-- upsideLMS.DemoTest -->
