<?xml version="1.0" encoding="UTF-8"?>
<!-- Generated by org.testng.reporters.JUnitReportReporter -->
<testsuite skipped="0" hostname="DESKTOP-A3HVBU0" name="upsideLMS.DemoTest2" tests="5" failures="0" timestamp="11 Jan 2020 13:18:54 GMT" time="0.025" errors="0">
  <testcase name="test0" time="0.000" classname="upsideLMS.DemoTest2"/>
  <testcase name="test3" time="0.005" classname="upsideLMS.DemoTest2"/>
  <testcase name="test1" time="0.005" classname="upsideLMS.DemoTest2"/>
  <testcase name="test" time="0.000" classname="upsideLMS.DemoTest2"/>
  <testcase name="test2" time="0.015" classname="upsideLMS.DemoTest2"/>
</testsuite> <!-- upsideLMS.DemoTest2 -->
